[INFO] Console - predicting pockets for proteins from dataset [protein_list.ds]
[INFO] PredictRoutine - outdir: ./Outputs/1ebw-08020617/p2rank
[INFO] FeatureSetup - enabledFeatures: [chem, volsite, protrusion, bfactor, atom_table]
[INFO] Dataset - processing dataset [protein_list.ds] using 1 thread
[INFO] Dataset - 
------------------------------------------------------------------------------------------------------------------------
processing [1ebw_762_protein.pdb] (1/1)
------------------------------------------------------------------------------------------------------------------------

[INFO] Console - processing [1ebw_762_protein.pdb] (1/1)
[INFO] Protein - loading protein [/home/jovyan/TankBind/nciyes/Inputs/Dev/RenamedPDBBind/1ebw_762_protein.pdb]
[INFO] PdbUtils - loading file [./Outputs/1ebw-08020617/../.././Inputs/Dev/RenamedPDBBind/1ebw_762_protein.pdb]
[INFO] Struct - groups in chain A: 99
[INFO] Struct - groups in chain B: 99
[INFO] Struct - groups in chain A: 99
[INFO] Struct - 99 groups in chain A
[INFO] Struct - groups in chain B: 99
[INFO] Struct - 99 groups in chain B
[INFO] Protein - structure atoms: 3109
[INFO] Protein - protein   atoms: 1490
[INFO] Protein - ignoring ligands
[INFO] FeatureSetup - enabledFeatures: [chem, volsite, protrusion, bfactor, atom_table]
[INFO] Protein - SAS points: 3079
[INFO] Protein - exposed protein atoms: 1017 of 1490
[INFO] InstancePredictor - Creating WekaInstancePredictor
[INFO] SLinkClusterer - clustering [135] elements
[INFO] SLinkClusterer - clusters: [id:0( 1 ), id:6( 6 ), id:52( 2 ), id:62( 5 ), id:63( 1 ), id:64( 5 ), id:66( 1 ), id:68( 2 ), id:80( 11 ), id:84( 85 ), id:104( 1 ), id:120( 1 ), id:123( 3 ), id:130( 5 ), id:132( 2 ), id:133( 2 ), id:134( 2 )]
[INFO] SLinkClusterer - clusters together: 135 / 135
[INFO] PocketPredictor - PREDICTING POCKETS.... ====================================
[INFO] PocketPredictor - SAS POINTS: 3079
[INFO] PocketPredictor - LIGANDABLE POINTS: 135
[INFO] PocketPredictor - CLUSTERS: 17
[INFO] PocketPredictor - FILTERED CLUSTERS: 7
[INFO] PocketPredictor - pocket 1 -  surf_atoms:  67   points:  85   score:   34.9
[INFO] PocketPredictor - pocket 2 -  surf_atoms:  19   points:  11   score:    3.6
[INFO] PocketPredictor - pocket 3 -  surf_atoms:  15   points:   5   score:    2.2
[INFO] PocketPredictor - pocket 4 -  surf_atoms:  14   points:   5   score:    2.2
[INFO] PocketPredictor - pocket 5 -  surf_atoms:  12   points:   6   score:    2.0
[INFO] PocketPredictor - pocket 6 -  surf_atoms:  11   points:   5   score:    1.4
[INFO] PocketPredictor - pocket 7 -  surf_atoms:  11   points:   3   score:    1.4
[INFO] OldPymolRenderer - copying [/home/jovyan/TankBind/nciyes/Inputs/Dev/RenamedPDBBind/1ebw_762_protein.pdb] to [./Outputs/1ebw-08020617/p2rank/visualizations/data/1ebw_762_protein.pdb]
[INFO] Console - predicting pockets finished in 0 hours 0 minutes 18.718 seconds
[INFO] Console - results saved to directory [/home/jovyan/TankBind/nciyes/Outputs/1ebw-08020617/p2rank]
[INFO] Console - 
[INFO] Console - ----------------------------------------------------------------------------------------------
[INFO] Console -  finished successfully in 0 hours 0 minutes 20.221 seconds
[INFO] Console - ----------------------------------------------------------------------------------------------
